-- @author prabhd
-- @created 2014-02-25 12:00:00
-- @modified 2014-02-25 12:00:00
-- @tags cte HAWQ
-- @checkplan True
-- @optimizer_mode on
-- @gucs optimizer=on;optimizer_enumerate_plans=on;client_min_messages='log'
-- @description MPP-22085 Enabling CTE inlining reduces plan space
-- start_ignore
set optimizer_cte_inlining=off;
psql:/data/prabhd/test/tincrepo/main/query/cte/output_inlining_disabled/enable_cte_plan_space.sql:19: LOG:  statement: set optimizer_cte_inlining=off;
SET
explain with v as (select x,y from bar) select v1.x from v v1, v v2 where v1.x = v2.x;
psql:/data/prabhd/test/tincrepo/main/query/cte/output_inlining_disabled/enable_cte_plan_space.sql:20: LOG:  statement: explain with v as (select x,y from bar) select v1.x from v v1, v v2 where v1.x = v2.x;
psql:/data/prabhd/test/tincrepo/main/query/cte/output_inlining_disabled/enable_cte_plan_space.sql:20: LOG:  
[OPT]: Using default search strategy
psql:/data/prabhd/test/tincrepo/main/query/cte/output_inlining_disabled/enable_cte_plan_space.sql:20: LOG:  2014-02-25 04:45:28:533388 PST,THD000,TRACE,"CAutoTrace.cpp:53: [OPT]: Search terminated at stage 1/1",
2014-02-25 04:45:28:536245 PST,THD000,TRACE,"CAutoTrace.cpp:53: [OPT]: Number of plan alternatives: 18
",
                                         QUERY PLAN                                         
--------------------------------------------------------------------------------------------
 Gather Motion 2:1  (slice1; segments: 2)  (cost=0.00..4.08 rows=1 width=8)
   ->  Sequence  (cost=0.00..3.07 rows=1 width=8)
         ->  Shared Scan (share slice:id 1:0)  (cost=0.00..1.01 rows=1 width=1)
               ->  Materialize  (cost=0.00..1.01 rows=1 width=1)
                     ->  Table Scan on bar  (cost=0.00..0.01 rows=1 width=16)
         ->  Hash Join  (cost=0.00..1.05 rows=1 width=8)
               Hash Cond: "outer".x = "inner".x
               ->  Shared Scan (share slice:id 1:0)  (cost=0.00..0.00 rows=1 width=8)
               ->  Hash  (cost=0.00..0.00 rows=1 width=8)
                     ->  Shared Scan (share slice:id 1:0)  (cost=0.00..0.00 rows=1 width=8)
 Settings:  optimizer=on
(11 rows)

set optimizer_cte_inlining=on;
psql:/data/prabhd/test/tincrepo/main/query/cte/output_inlining_disabled/enable_cte_plan_space.sql:22: LOG:  statement: set optimizer_cte_inlining=on;
SET
set optimizer_cte_inlining_bound=1000;
psql:/data/prabhd/test/tincrepo/main/query/cte/output_inlining_disabled/enable_cte_plan_space.sql:23: LOG:  statement: set optimizer_cte_inlining_bound=1000;
SET
explain with v as (select x,y from bar) select v1.x from v v1, v v2 where v1.x = v2.x;
psql:/data/prabhd/test/tincrepo/main/query/cte/output_inlining_disabled/enable_cte_plan_space.sql:24: LOG:  statement: explain with v as (select x,y from bar) select v1.x from v v1, v v2 where v1.x = v2.x;
psql:/data/prabhd/test/tincrepo/main/query/cte/output_inlining_disabled/enable_cte_plan_space.sql:24: LOG:  
[OPT]: Using default search strategy
psql:/data/prabhd/test/tincrepo/main/query/cte/output_inlining_disabled/enable_cte_plan_space.sql:24: LOG:  2014-02-25 04:45:28:578064 PST,THD000,TRACE,"CAutoTrace.cpp:53: [OPT]: Search terminated at stage 1/1",
2014-02-25 04:45:28:582504 PST,THD000,TRACE,"CAutoTrace.cpp:53: [OPT]: Number of plan alternatives: 58
",
                                 QUERY PLAN                                 
----------------------------------------------------------------------------
 Gather Motion 2:1  (slice1; segments: 2)  (cost=0.00..3.07 rows=1 width=8)
   ->  Hash Join  (cost=0.00..1.05 rows=1 width=8)
         Hash Cond: public.bar.x = public.bar.x
         ->  Table Scan on bar  (cost=0.00..0.00 rows=1 width=8)
         ->  Hash  (cost=0.00..0.00 rows=1 width=8)
               ->  Table Scan on bar  (cost=0.00..0.00 rows=1 width=8)
 Settings:  optimizer=on
(7 rows)

--end_ignore
