-- 
-- @description test sql test case: gpdiff
-- @created 2012-07-11 12:00:00
-- @modified 2012-07-11 12:00:02
-- @tags basic
-- @product_version gpdb: main
-- @dbname gptest
-- start_ignore
drop table if exists foo;
psql:/path/sql_file:1: NOTICE:  table "foo" does not exist, skipping
DROP TABLE
-- end_ignore
create table foo (a int, b int);
psql:/path/sql_file:1: NOTICE:  Table doesn't have 'DISTRIBUTED BY' clause -- Using column named 'a' as the Greenplum Database data distribution key for this table.
HINT:  The 'DISTRIBUTED BY' clause determines the distribution of data. Make sure column(s) chosen are the optimal data distribution key to minimize skew.
CREATE TABLE
insert into foo select i,i+1 from generate_series(1,8)i;
INSERT 0 8
explain select * from foo;
                                 QUERY PLAN TEST                                
--------------------------------------------------------------------------------
 Gather Motion 2:1  (slice1; segments: 2)  (cost=0.00..2.08 rows=4 width=8)
   ->  Seq Scan on foo  (cost=0.00..2.08 rows=4 width=8)
(2 rows)

select * from foo;
 a | b 
---+---
 1 | 2
 5 | 6
 7 | 8
 2 | 3
 4 | 5
 6 | 7
 8 | 9
 3 | 4
(8 rows)

drop table foo;
DROP TABLE
drop table if exists foo;
psql:/path/sql_file:1: NOTICE:  table "foo" does not exist, skipping
DROP TABLE
