-- start_ignore
SET optimizer=on;
SET
SET optimizer_log=on;
SET
-- end_ignore
-- MPP-2672
-- start_ignore
explain analyze select oid, 'foo'::text from (select oid from pg_class where exists(select reltoastrelid from pg_class)) as foo;
                                                      QUERY PLAN                                                      
----------------------------------------------------------------------------------------------------------------------
 Result  (cost=0.00..8948.67 rows=56785 width=16)
   Rows out:  386 rows with 0.284 ms to first row, 0.526 ms to end, start offset by 0.271 ms.
   ->  Nested Loop  (cost=0.00..5398.64 rows=56785 width=8)
         Join Filter: true
         Rows out:  386 rows with 0.282 ms to first row, 0.438 ms to end, start offset by 0.272 ms.
         ->  Result  (cost=0.00..3.00 rows=1 width=1)
               Filter: "ColRef_0077" > 0::bigint
               Rows out:  1 rows with 0.204 ms to first row, 0.205 ms to end, start offset by 0.340 ms.
               ->  Aggregate  (cost=0.00..2.00 rows=1 width=8)
                     Rows out:  1 rows with 0.198 ms to first row, 0.199 ms to end, start offset by 0.340 ms.
                     ->  Table Scan on pg_class  (cost=0.00..0.33 rows=169 width=1)
                           Rows out:  386 rows with 0.013 ms to first row, 0.119 ms to end, start offset by 0.342 ms.
         ->  Table Scan on pg_class  (cost=0.00..2.63 rows=169 width=8)
               Rows out:  387 rows with 0.061 ms to first row, 0.142 ms to end of 2 scans, start offset by 0.547 ms.
 Slice statistics:
   (slice0)    Executor memory: 86K bytes.
 Statement statistics:
   Memory used: 128000K bytes
 Settings:  optimizer=on
 Total runtime: 0.826 ms
(20 rows)

explain analyze select oid, 'foo'::text from (select oid from pg_class where not exists(select reltoastrelid from pg_class)) as foo;
                                                      QUERY PLAN                                                      
----------------------------------------------------------------------------------------------------------------------
 Result  (cost=0.00..5410.17 rows=169 width=16)
   Rows out:  (No row requested) 0 rows with 0.158 ms to end, start offset by 0.111 ms.
   ->  Nested Loop  (cost=0.00..5398.64 rows=169 width=8)
         Join Filter: true
         Rows out:  (No row requested) 0 rows with 0.157 ms to end, start offset by 0.112 ms.
         ->  Result  (cost=0.00..3.00 rows=1 width=1)
               Filter: "ColRef_0077" = 0::bigint
               Rows out:  (No row requested) 0 rows with 0.134 ms to end, start offset by 0.134 ms.
               ->  Aggregate  (cost=0.00..2.00 rows=1 width=8)
                     Rows out:  1 rows with 0.132 ms to first row, 0.133 ms to end, start offset by 0.135 ms.
                     ->  Table Scan on pg_class  (cost=0.00..0.33 rows=169 width=1)
                           Rows out:  386 rows with 0.006 ms to first row, 0.073 ms to end, start offset by 0.135 ms.
         ->  Table Scan on pg_class  (cost=0.00..2.63 rows=169 width=8)
               Rows out:  (No row requested) 1 rows with 0.019 ms to end, start offset by 0.112 ms.
 Slice statistics:
   (slice0)    Executor memory: 86K bytes.
 Statement statistics:
   Memory used: 128000K bytes
 Settings:  optimizer=on
 Total runtime: 0.271 ms
(20 rows)

-- end_ignore
select 1;
 ?column? 
----------
        1
(1 row)

-- MPP-2655
-- start_ignore
select oid, 'foo'::text from (select oid from pg_class where not exists(select oid from pg_class except select reltoastrelid from pg_class)) as foo;
 oid | text 
-----+------
(0 rows)

select oid, 'foo'::text from (select oid from pg_class where not exists(select oid from pg_class except select reltoastrelid from pg_class)) as foo;
 oid | text 
-----+------
(0 rows)

-- end_ignore
select 1;
 ?column? 
----------
        1
(1 row)

