-- start_ignore
SET optimizer=off;
SET
-- end_ignore
-- MPP-2672
-- start_ignore
explain analyze select oid, 'foo'::text from (select oid from pg_class where exists(select reltoastrelid from pg_class)) as foo;
                                             QUERY PLAN                                             
----------------------------------------------------------------------------------------------------
 Result  (cost=0.01..6.38 rows=674 width=4)
   One-Time Filter: $0
   Rows out:  385 rows with 0.061 ms to first row, 0.257 ms to end, start offset by 0.247 ms.
   InitPlan
     ->  Limit  (cost=0.00..0.01 rows=1 width=0)
           Rows out:  1 rows with 0.033 ms to end of 2 scans, start offset by 0.251 ms.
           ->  Seq Scan on pg_class  (cost=0.00..6.37 rows=674 width=0)
                 Rows out:  1 rows with 0.031 ms to end of 2 scans, start offset by 0.252 ms.
   ->  Seq Scan on pg_class  (cost=0.00..6.37 rows=674 width=4)
         Rows out:  385 rows with 0.014 ms to first row, 0.105 ms to end, start offset by 0.294 ms.
 Slice statistics:
   (slice0)    Executor memory: 74K bytes.
   (slice1)    Executor memory: 86K bytes.
 Statement statistics:
   Memory used: 128000K bytes
 Settings:  optimizer=off
 Total runtime: 0.533 ms
(17 rows)

explain analyze select oid, 'foo'::text from (select oid from pg_class where not exists(select reltoastrelid from pg_class)) as foo;
                                       QUERY PLAN                                       
----------------------------------------------------------------------------------------
 Result  (cost=6.37..12.74 rows=674 width=4)
   One-Time Filter: NOT $0
   Rows out:  (No row requested) 0 rows with 0.018 ms to end, start offset by 0.063 ms.
   InitPlan
     ->  Seq Scan on pg_class  (cost=0.00..6.37 rows=674 width=4)
           Rows out:  1 rows with 0.015 ms to end of 2 scans, start offset by 0.063 ms.
   ->  Seq Scan on pg_class  (cost=0.00..6.37 rows=674 width=4)
         Rows out:  (No row requested) 0 rows with 0 ms to end.
 Slice statistics:
   (slice0)    Executor memory: 74K bytes.
   (slice1)    Executor memory: 74K bytes.
 Statement statistics:
   Memory used: 128000K bytes
 Settings:  optimizer=off
 Total runtime: 0.081 ms
(15 rows)

-- end_ignore
select 1;
 ?column? 
----------
        1
(1 row)

-- MPP-2655
-- start_ignore
select oid, 'foo'::text from (select oid from pg_class where not exists(select oid from pg_class except select reltoastrelid from pg_class)) as foo;
 oid | text 
-----+------
(0 rows)

select oid, 'foo'::text from (select oid from pg_class where not exists(select oid from pg_class except select reltoastrelid from pg_class)) as foo;
 oid | text 
-----+------
(0 rows)

-- end_ignore
select 1;
 ?column? 
----------
        1
(1 row)

