drop table if exists test;
DROP TABLE
create table test (a integer);
psql:/path/sql_file:1: NOTICE:  Table doesn't have 'DISTRIBUTED BY' clause -- Using column named 'a' as the Greenplum Database data distribution key for this table.
HINT:  The 'DISTRIBUTED BY' clause determines the distribution of data. Make sure column(s) chosen are the optimal data distribution key to minimize skew.
CREATE TABLE
insert into test select a from generate_series(1,100) a;
INSERT 0 100
set log_min_messages=debug5;
SET
EXPLAIN ANALYZE select count(*) from test;
                                                                   QUERY PLAN                                                                   
------------------------------------------------------------------------------------------------------------------------------------------------
 Aggregate  (cost=0.00..2.31 rows=1 width=8)
   Rows out:  1 rows with 3.774 ms to end, start offset by 2.545 ms.
   ->  Gather Motion 2:1  (slice1; segments: 2)  (cost=0.00..1.10 rows=50 width=1)
         Rows out:  100 rows at destination with 3.626 ms to first row, 3.710 ms to end, start offset by 2.546 ms.
         ->  Table Scan on test  (cost=0.00..0.05 rows=50 width=1)
               Rows out:  Avg 50.0 rows x 2 workers.  Max 50 rows (seg0) with 0.028 ms to first row, 0.059 ms to end, start offset by 5.791 ms.
 Slice statistics:
   (slice0)    Executor memory: 155K bytes.
   (slice1)    Executor memory: 131K bytes avg x 2 workers, 131K bytes max (seg0).
 Statement statistics:
   Memory used: 128000K bytes
 Settings:  optimizer=on
 Total runtime: 9.909 ms
(13 rows)

set debug_print_slice_table=on;
SET
select count(*) from test;
 count 
-------
   100
(1 row)

--FOR UPDATE/FOR SHARE
select * from test order by a limit 1 for update;
 a 
---
 1
(1 row)

select * from test order by a limit 1 for share;
 a 
---
 1
(1 row)

--returning clause
insert into test values (1) returning *;
psql:/path/sql_file:1: ERROR:  The RETURNING clause of the INSERT statement is not supported in this version of Greenplum Database.
