-- start_ignore
drop table if exists smallt;
DROP TABLE
-- end_ignore
create table smallt (i int, t text, d date);
psql:/path/sql_file:1: NOTICE:  Table doesn't have 'DISTRIBUTED BY' clause -- Using column named 'i' as the Greenplum Database data distribution key for this table.
HINT:  The 'DISTRIBUTED BY' clause determines the distribution of data. Make sure column(s) chosen are the optimal data distribution key to minimize skew.
CREATE TABLE
insert into smallt select i%10, 'text ' || (i%15), '2011-01-01'::date + ((i%20) || ' days')::interval
from generate_series(0, 99) i;
INSERT 0 100
-- Rescan on Agg (with Material in the inner side of nestloop)
set enable_nestloop=off;
SET
set enable_hashjoin=on;
SET
select t1.*, t2.* from
(select d, count(*) from smallt group by d) as t1, (select d, sum(i) from smallt group by d) as t2
where t1.d = t2.d;
     d      | count |     d      | sum 
------------+-------+------------+-----
 2011-01-03 |     5 | 2011-01-03 |  10
 2011-01-05 |     5 | 2011-01-05 |  20
 2011-01-13 |     5 | 2011-01-13 |  10
 2011-01-09 |     5 | 2011-01-09 |  40
 2011-01-11 |     5 | 2011-01-11 |   0
 2011-01-19 |     5 | 2011-01-19 |  40
 2011-01-17 |     5 | 2011-01-17 |  30
 2011-01-15 |     5 | 2011-01-15 |  20
 2011-01-07 |     5 | 2011-01-07 |  30
 2011-01-01 |     5 | 2011-01-01 |   0
 2011-01-10 |     5 | 2011-01-10 |  45
 2011-01-14 |     5 | 2011-01-14 |  15
 2011-01-18 |     5 | 2011-01-18 |  35
 2011-01-12 |     5 | 2011-01-12 |   5
 2011-01-04 |     5 | 2011-01-04 |  15
 2011-01-16 |     5 | 2011-01-16 |  25
 2011-01-08 |     5 | 2011-01-08 |  35
 2011-01-02 |     5 | 2011-01-02 |   5
 2011-01-20 |     5 | 2011-01-20 |  45
 2011-01-06 |     5 | 2011-01-06 |  25
(20 rows)

explain analyze select t1.*, t2.* from
(select d, count(*) from smallt group by d) as t1, (select d, sum(i) from smallt group by d) as t2
where t1.d = t2.d;
                                                                                  QUERY PLAN                                                                                  
------------------------------------------------------------------------------------------------------------------------------------------------------------------------------
 Gather Motion 2:1  (slice3; segments: 2)  (cost=0.00..862.03 rows=20 width=24)
   Rows out:  20 rows at destination with 14 ms to end, start offset by 0.816 ms.
   ->  Hash Join  (cost=0.00..862.03 rows=10 width=24)
         Hash Cond: public.smallt.d = public.smallt.d
         Rows out:  Avg 10.0 rows x 2 workers.  Max 10 rows (seg0) with 5.685 ms to first row, 6.623 ms to end, start offset by 3.298 ms.
         Executor memory:  1K bytes avg, 1K bytes max (seg0).
         Work_mem used:  1K bytes avg, 1K bytes max (seg0). Workfile: (0 spilling, 0 reused)
         (seg0)   Hash chain length 1.0 avg, 1 max, using 10 of 131111 buckets.
         ->  HashAggregate  (cost=0.00..431.01 rows=10 width=12)
               Group By: public.smallt.d
               Rows out:  Avg 10.0 rows x 2 workers.  Max 10 rows (seg0) with 0.666 ms to first row, 1.062 ms to end, start offset by 8.312 ms.
               Executor memory:  2137K bytes avg, 2137K bytes max (seg0).
               ->  Redistribute Motion 2:2  (slice1; segments: 2)  (cost=0.00..431.01 rows=10 width=12)
                     Hash Key: public.smallt.d
                     Rows out:  Avg 10.0 rows x 2 workers at destination.  Max 10 rows (seg0) with 0.014 ms to first row, 0.018 ms to end, start offset by 8.769 ms.
                     ->  Result  (cost=0.00..431.01 rows=10 width=12)
                           Rows out:  Avg 10.0 rows x 2 workers.  Max 10 rows (seg0) with 2.600 ms to first row, 3.606 ms to end, start offset by 4.634 ms.
                           ->  HashAggregate  (cost=0.00..431.01 rows=10 width=12)
                                 Group By: public.smallt.d
                                 Rows out:  Avg 10.0 rows x 2 workers.  Max 10 rows (seg0) with 2.596 ms to first row, 3.597 ms to end, start offset by 4.635 ms.
                                 Executor memory:  2137K bytes avg, 2137K bytes max (seg0).
                                 ->  Table Scan on smallt  (cost=0.00..431.00 rows=50 width=4)
                                       Rows out:  Avg 50.0 rows x 2 workers.  Max 50 rows (seg0) with 0.118 ms to first row, 0.139 ms to end, start offset by 6.569 ms.
         ->  Hash  (cost=431.01..431.01 rows=10 width=12)
               Rows in:  Avg 10.0 rows x 2 workers.  Max 10 rows (seg0) with 4.330 ms to end, start offset by 3.979 ms.
               ->  HashAggregate  (cost=0.00..431.01 rows=10 width=12)
                     Group By: public.smallt.d
                     Rows out:  Avg 10.0 rows x 2 workers.  Max 10 rows (seg0) with 3.652 ms to first row, 4.313 ms to end, start offset by 3.980 ms.
                     Executor memory:  2137K bytes avg, 2137K bytes max (seg0).
                     ->  Redistribute Motion 2:2  (slice2; segments: 2)  (cost=0.00..431.01 rows=10 width=12)
                           Hash Key: public.smallt.d
                           Rows out:  Avg 10.0 rows x 2 workers at destination.  Max 10 rows (seg0) with 2.673 ms to first row, 2.674 ms to end, start offset by 4.619 ms.
                           ->  Result  (cost=0.00..431.01 rows=10 width=12)
                                 Rows out:  Avg 10.0 rows x 2 workers.  Max 10 rows (seg0) with 1.099 ms to first row, 1.737 ms to end, start offset by 4.479 ms.
                                 ->  HashAggregate  (cost=0.00..431.01 rows=10 width=12)
                                       Group By: public.smallt.d
                                       Rows out:  Avg 10.0 rows x 2 workers.  Max 10 rows (seg0) with 1.098 ms to first row, 1.732 ms to end, start offset by 4.479 ms.
                                       Executor memory:  2137K bytes avg, 2137K bytes max (seg0).
                                       ->  Table Scan on smallt  (cost=0.00..431.00 rows=50 width=8)
                                             Rows out:  Avg 50.0 rows x 2 workers.  Max 50 rows (seg0) with 0.086 ms to first row, 0.099 ms to end, start offset by 5.104 ms.
 Slice statistics:
   (slice0)    Executor memory: 227K bytes.
   (slice1)    Executor memory: 2375K bytes avg x 2 workers, 2375K bytes max (seg0).
   (slice2)    Executor memory: 2375K bytes avg x 2 workers, 2375K bytes max (seg0).
   (slice3)    Executor memory: 4452K bytes avg x 2 workers, 4452K bytes max (seg0).  Work_mem: 1K bytes max.
 Statement statistics:
   Memory used: 128000K bytes
 Settings:  enable_hashjoin=on; enable_nestloop=off; optimizer=on
 Total runtime: 14.719 ms
(49 rows)

