--start_ignore
drop table if exists foo_test;
DROP TABLE
--end_ignore
create table foo_test(i int, j int);
psql:test.sql:5: NOTICE:  Table doesn't have 'DISTRIBUTED BY' clause -- Using column named 'i' as the Greenplum Database data distribution key for this table.
HINT:  The 'DISTRIBUTED BY' clause determines the distribution of data. Make sure column(s) chosen are the optimal data distribution key to minimize skew.
CREATE TABLE
insert into foo_test select i, i from generate_series(1, 1000) i;
INSERT 0 1000
select * from foo_test where i = 1;
 i | j 
---+---
 1 | 1
(1 row)

explain select * from foo_test where i=1;
                                 QUERY PLAN                                  
-----------------------------------------------------------------------------
 Gather Motion 1:1  (slice1; segments: 1)  (cost=0.00..14.50 rows=1 width=8)
   ->  Seq Scan on foo_test  (cost=0.00..14.50 rows=1 width=8)
         Filter: i = 1
(3 rows)

