-- start_ignore
show optimizer;
 optimizer 
-----------
 off
(1 row)

set optimizer=on;
SET
-- end_ignore
-- test comment
select i, j from foo where i = 10;
 i  | j 
----+---
 10 | 0
(1 row)

-- test comment2
explain select i from foo where i > 10;
                                 QUERY PLAN                                  
-----------------------------------------------------------------------------
 Gather Motion 2:1  (slice1; segments: 2)  (cost=0.00..2.72 rows=45 width=4)
   ->  Table Scan on foo  (cost=0.00..1.55 rows=45 width=4)
         Filter: i > 10
 Settings:  optimizer=on
(4 rows)

