-- start_ignore
SET client_min_messages='log';
SET
SET optimizer=on;
psql:/data/prabhd/test/tincrepo/main/dml/functional/output/fallback_dml_constraint_5_orca.sql:4: LOG:  statement: SET optimizer=on;
SET
SET optimizer_log=on;
psql:/data/prabhd/test/tincrepo/main/dml/functional/output/fallback_dml_constraint_5_orca.sql:5: LOG:  statement: SET optimizer_log=on;
SET
-- end_ignore
-- @author prabhd
-- @created 2014-04-01 12:00:00
-- @tags dml ORCA
-- @product_version gpdb: [4.3-]
-- @gpopt 1.524 
-- @gucs client_min_messages='log'
-- @optimizer_mode on
-- @description GUC to disable DML in Orca in the presence of check or not null constraints
-- start_ignore
set optimizer_dml_constraints=on;
psql:/data/prabhd/test/tincrepo/main/dml/functional/output/fallback_dml_constraint_5_orca.sql:18: LOG:  statement: set optimizer_dml_constraints=on;
SET
explain update constr_tab set b = 10;
psql:/data/prabhd/test/tincrepo/main/dml/functional/output/fallback_dml_constraint_5_orca.sql:19: LOG:  statement: explain update constr_tab set b = 10;
psql:/data/prabhd/test/tincrepo/main/dml/functional/output/fallback_dml_constraint_5_orca.sql:19: LOG:  
[OPT]: Using default search strategy
psql:/data/prabhd/test/tincrepo/main/dml/functional/output/fallback_dml_constraint_5_orca.sql:19: LOG:  2015-01-05 13:46:51:696220 PST,THD000,TRACE,"CAutoTrace.cpp:53: [OPT]: Search terminated at stage 1/1",
                                                                          QUERY PLAN                                                                           
---------------------------------------------------------------------------------------------------------------------------------------------------------------
 Update  (cost=0.00..431.25 rows=1 width=1)
   ->  Result  (cost=0.00..431.00 rows=1 width=64)
         ->  Assert  (cost=0.00..431.00 rows=1 width=52)
               Assert Cond: "ColRef_0012" = 0 OR (((public.constr_tab.a + b) > 5) IS DISTINCT FROM false AND (public.constr_tab.a > 0) IS DISTINCT FROM false)
               ->  Split  (cost=0.00..431.00 rows=1 width=52)
                     ->  Result  (cost=0.00..431.00 rows=1 width=52)
                           ->  Table Scan on constr_tab  (cost=0.00..431.00 rows=1 width=32)
 Settings:  optimizer=on
(8 rows)

-- end_ignore
\!grep Planner
