-- start_ignore
SET client_min_messages='log';
SET
SET optimizer=on;
psql:/data/prabhd/test/tincrepo/main/dml/functional/output/fallback_dml_constraint_2_orca.sql:4: LOG:  statement: SET optimizer=on;
SET
SET optimizer_log=on;
psql:/data/prabhd/test/tincrepo/main/dml/functional/output/fallback_dml_constraint_2_orca.sql:5: LOG:  statement: SET optimizer_log=on;
SET
-- end_ignore
-- @author prabhd
-- @created 2014-04-01 12:00:00
-- @tags dml ORCA
-- @product_version gpdb: [4.3-]
-- @gucs client_min_messages='log'
-- @gpopt 1.524 
-- @optimizer_mode on
-- @description GUC to disable DML in Orca in the presence of check or not null constraints
-- start_ignore
set optimizer_dml_constraints=on;
psql:/data/prabhd/test/tincrepo/main/dml/functional/output/fallback_dml_constraint_2_orca.sql:18: LOG:  statement: set optimizer_dml_constraints=on;
SET
explain insert into constr_tab values (1,2,3);
psql:/data/prabhd/test/tincrepo/main/dml/functional/output/fallback_dml_constraint_2_orca.sql:19: LOG:  statement: explain insert into constr_tab values (1,2,3);
psql:/data/prabhd/test/tincrepo/main/dml/functional/output/fallback_dml_constraint_2_orca.sql:19: LOG:  
[OPT]: Using default search strategy
psql:/data/prabhd/test/tincrepo/main/dml/functional/output/fallback_dml_constraint_2_orca.sql:19: LOG:  2015-01-05 13:46:50:252807 PST,THD000,TRACE,"CAutoTrace.cpp:53: [OPT]: Search terminated at stage 1/1",
                                             QUERY PLAN                                             
----------------------------------------------------------------------------------------------------
 Insert  (cost=0.00..0.09 rows=1 width=24)
   ->  Result  (cost=0.00..0.00 rows=1 width=48)
         ->  Assert  (cost=0.00..0.00 rows=1 width=48)
               Assert Cond: ((a + b) > 5) IS DISTINCT FROM false AND (a > 0) IS DISTINCT FROM false
               ->  Result  (cost=0.00..0.00 rows=1 width=48)
                     ->  Result  (cost=0.00..0.00 rows=1 width=32)
                           ->  Result  (cost=0.00..0.00 rows=1 width=24)
                                 ->  Result  (cost=0.00..0.00 rows=1 width=1)
 Settings:  optimizer=on
(9 rows)

-- end_ignore
\!grep Planner
