-- start_ignore
SET optimizer=on;
SET
SET optimizer_log=on;
SET
-- end_ignore
-- @product_version gpdb: [4.3.2-4.3.98]
CREATE TABLE my_tt_agg_small (
    symbol character(16),
    event_ts bigint,
    trade_price numeric,
    trade_volume bigint
) DISTRIBUTED BY (symbol);
CREATE TABLE
CREATE TABLE my_tq_agg_small (
    ets bigint,
    sym character varying(16),
    bid_price numeric,
    ask_price numeric,
    end_ts bigint
) DISTRIBUTED BY (ets);
CREATE TABLE
COPY my_tt_agg_small (symbol, event_ts, trade_price, trade_volume) FROM stdin;
COPY my_tq_agg_small (ets, sym, bid_price, ask_price, end_ts) FROM stdin;
CREATE INDEX my_tq_agg_small_ets_end_ts_ix ON my_tq_agg_small USING btree (ets, end_ts);
CREATE INDEX
analyze my_tq_agg_small;
ANALYZE
analyze my_tt_agg_small;
ANALYZE
-- force_explain
EXPLAIN 
SELECT (tt.event_ts / 100000) / 5 * 5 as fivemin, COUNT(*)
FROM my_tt_agg_small tt, my_tq_agg_small tq
WHERE tq.sym = tt.symbol AND
      tt.event_ts >= tq.ets AND
      tt.event_ts <  tq.end_ts
GROUP BY 1
ORDER BY 1 asc ;
                                                                              QUERY PLAN                                                                              
----------------------------------------------------------------------------------------------------------------------------------------------------------------------
 Gather Motion 2:1  (slice3; segments: 2)  (cost=0.00..862.80 rows=1 width=16)
   Merge Key: fivemin
   ->  GroupAggregate  (cost=0.00..862.80 rows=1 width=16)
         Group By: fivemin
         ->  Sort  (cost=0.00..862.80 rows=1 width=16)
               Sort Key: fivemin
               ->  Redistribute Motion 2:2  (slice2; segments: 2)  (cost=0.00..862.80 rows=1 width=16)
                     Hash Key: fivemin
                     ->  Result  (cost=0.00..862.80 rows=1 width=16)
                           ->  GroupAggregate  (cost=0.00..862.80 rows=1 width=16)
                                 Group By: fivemin
                                 ->  Sort  (cost=0.00..862.80 rows=1 width=8)
                                       Sort Key: fivemin
                                       ->  Result  (cost=0.00..862.80 rows=1 width=8)
                                             ->  Hash Join  (cost=0.00..862.80 rows=1 width=8)
                                                   Hash Cond: my_tq_agg_small.sym::bpchar = my_tt_agg_small.symbol
                                                   Join Filter: my_tt_agg_small.event_ts >= my_tq_agg_small.ets AND my_tt_agg_small.event_ts < my_tq_agg_small.end_ts
                                                   ->  Redistribute Motion 2:2  (slice1; segments: 2)  (cost=0.00..431.15 rows=1014 width=20)
                                                         Hash Key: my_tq_agg_small.sym::bpchar
                                                         ->  Table Scan on my_tq_agg_small  (cost=0.00..431.05 rows=1014 width=20)
                                                   ->  Hash  (cost=431.01..431.01 rows=210 width=25)
                                                         ->  Table Scan on my_tt_agg_small  (cost=0.00..431.01 rows=210 width=25)
 Settings:  optimizer=on
(23 rows)

  
SELECT (tt.event_ts / 100000) / 5 * 5 as fivemin, COUNT(*)
FROM my_tt_agg_small tt, my_tq_agg_small tq
WHERE tq.sym = tt.symbol AND
      tt.event_ts >= tq.ets AND
      tt.event_ts <  tq.end_ts
GROUP BY 1
ORDER BY 1 asc ;
   fivemin    | count 
--------------+-------
 201011261015 |     2
 201011261045 |     1
 201011261110 |     1
 201011261125 |     1
 201011261240 |     1
 201011261245 |     1
 201011261315 |     2
 201011261320 |     3
(8 rows)

  
set enable_hashjoin=off;
SET
set enable_seqscan=off;
SET
set enable_mergejoin=off;
SET
set enable_nestloop=on;
SET
set enable_indexscan=on;
SET
-- force_explain
EXPLAIN 
SELECT (tt.event_ts / 100000) / 5 * 5 as fivemin, COUNT(*)
FROM my_tt_agg_small tt, my_tq_agg_small tq
WHERE tq.sym = tt.symbol AND
      tt.event_ts >= tq.ets AND
      tt.event_ts <  tq.end_ts
GROUP BY 1
ORDER BY 1 asc ;
                                                                              QUERY PLAN                                                                              
----------------------------------------------------------------------------------------------------------------------------------------------------------------------
 Gather Motion 2:1  (slice3; segments: 2)  (cost=0.00..862.80 rows=1 width=16)
   Merge Key: fivemin
   ->  GroupAggregate  (cost=0.00..862.80 rows=1 width=16)
         Group By: fivemin
         ->  Sort  (cost=0.00..862.80 rows=1 width=16)
               Sort Key: fivemin
               ->  Redistribute Motion 2:2  (slice2; segments: 2)  (cost=0.00..862.80 rows=1 width=16)
                     Hash Key: fivemin
                     ->  Result  (cost=0.00..862.80 rows=1 width=16)
                           ->  GroupAggregate  (cost=0.00..862.80 rows=1 width=16)
                                 Group By: fivemin
                                 ->  Sort  (cost=0.00..862.80 rows=1 width=8)
                                       Sort Key: fivemin
                                       ->  Result  (cost=0.00..862.80 rows=1 width=8)
                                             ->  Hash Join  (cost=0.00..862.80 rows=1 width=8)
                                                   Hash Cond: my_tq_agg_small.sym::bpchar = my_tt_agg_small.symbol
                                                   Join Filter: my_tt_agg_small.event_ts >= my_tq_agg_small.ets AND my_tt_agg_small.event_ts < my_tq_agg_small.end_ts
                                                   ->  Redistribute Motion 2:2  (slice1; segments: 2)  (cost=0.00..431.15 rows=1014 width=20)
                                                         Hash Key: my_tq_agg_small.sym::bpchar
                                                         ->  Table Scan on my_tq_agg_small  (cost=0.00..431.05 rows=1014 width=20)
                                                   ->  Hash  (cost=431.01..431.01 rows=210 width=25)
                                                         ->  Table Scan on my_tt_agg_small  (cost=0.00..431.01 rows=210 width=25)
 Settings:  enable_hashjoin=off; enable_indexscan=on; enable_mergejoin=off; enable_nestloop=on; enable_seqscan=off; optimizer=on
(23 rows)

SELECT (tt.event_ts / 100000) / 5 * 5 as fivemin, COUNT(*)
FROM my_tt_agg_small tt, my_tq_agg_small tq
WHERE tq.sym = tt.symbol AND
      tt.event_ts >= tq.ets AND
      tt.event_ts <  tq.end_ts
GROUP BY 1
ORDER BY 1 asc ;
   fivemin    | count 
--------------+-------
 201011261015 |     2
 201011261045 |     1
 201011261110 |     1
 201011261125 |     1
 201011261240 |     1
 201011261245 |     1
 201011261315 |     2
 201011261320 |     3
(8 rows)

  
DROP INDEX my_tq_agg_small_ets_end_ts_ix;
DROP INDEX
DROP TABLE my_tq_agg_small;
DROP TABLE
DROP TABLE my_tt_agg_small;
DROP TABLE
