EXPLAIN SELECT * FROM transform( TABLE(
        select a, e from t1 
        order by a 
        limit 10
        scatter by a
    ) );
                                             QUERY PLAN                                              
-----------------------------------------------------------------------------------------------------
 Gather Motion 2:1  (slice3; segments: 2)  (cost=6.32..6.67 rows=5 width=36)
   ->  Table Function Scan on transform  (cost=6.32..6.67 rows=5 width=36)
         ->  Redistribute Motion 1:2  (slice2; segments: 1)  (cost=6.32..6.55 rows=10 width=10)
               Hash Key: t1.a
               ->  Limit  (cost=6.32..6.55 rows=10 width=10)
                     ->  Gather Motion 2:1  (slice1; segments: 2)  (cost=6.32..6.55 rows=5 width=10)
                           Merge Key: t1.a
                           ->  Limit  (cost=6.32..6.35 rows=5 width=10)
                                 ->  Sort  (cost=6.32..6.57 rows=50 width=10)
                                       Sort Key (Limit): t1.a
                                       ->  Seq Scan on t1  (cost=0.00..3.00 rows=50 width=10)
(11 rows)

