EXPLAIN SELECT * FROM t1 WHERE a IN (
        SELECT b FROM transform(
            TABLE(select a, e from t1_view)
    ) );
                                             QUERY PLAN                                             
----------------------------------------------------------------------------------------------------
 Gather Motion 2:1  (slice2; segments: 2)  (cost=3.91..7.27 rows=5 width=22)
   ->  Hash EXISTS Join  (cost=3.91..7.27 rows=5 width=22)
         Hash Cond: public.t1.a = transform.b
         ->  Seq Scan on t1  (cost=0.00..3.00 rows=50 width=22)
         ->  Hash  (cost=3.80..3.80 rows=5 width=4)
               ->  Redistribute Motion 2:2  (slice1; segments: 2)  (cost=3.39..3.80 rows=5 width=4)
                     Hash Key: transform.b
                     ->  Table Function Scan on transform  (cost=3.39..3.62 rows=5 width=4)
                           ->  Subquery Scan t1_view  (cost=3.39..3.51 rows=5 width=36)
                                 ->  Sort  (cost=3.39..3.42 rows=5 width=22)
                                       Sort Key: public.t1.d
                                       ->  Seq Scan on t1  (cost=0.00..3.25 rows=5 width=22)
                                             Filter: a < 10
(13 rows)

explain analyze SELECT * FROM t1 WHERE a IN (
        SELECT b FROM transform(
            TABLE(select a, e from t1_view)
    ) );
                                                                               QUERY PLAN                                                                                
-------------------------------------------------------------------------------------------------------------------------------------------------------------------------
 Gather Motion 2:1  (slice2; segments: 2)  (cost=3.91..7.27 rows=5 width=22)
   Rows out:  9 rows at destination with 6.302 ms to first row, 8.996 ms to end, start offset by 16 ms.
   ->  Hash EXISTS Join  (cost=3.91..7.27 rows=5 width=22)
         Hash Cond: public.t1.a = transform.b
         Rows out:  Avg 4.5 rows x 2 workers.  Max 5 rows (seg0) with 2.463 ms to first row, 3.042 ms to end, start offset by 21 ms.
         Executor memory:  1K bytes avg, 1K bytes max (seg0).
         Work_mem used:  1K bytes avg, 1K bytes max (seg0). Workfile: (0 spilling, 0 reused)
         (seg0)   Hash chain length 1.0 avg, 1 max, using 5 of 262151 buckets.
         ->  Seq Scan on t1  (cost=0.00..3.00 rows=50 width=22)
               Rows out:  Avg 50.0 rows x 2 workers.  Max 50 rows (seg0) with 0.174 ms to first row, 0.182 ms to end, start offset by 24 ms.
         ->  Hash  (cost=3.80..3.80 rows=5 width=4)
               Rows in:  Avg 4.5 rows x 2 workers.  Max 5 rows (seg0) with 0.031 ms to end, start offset by 24 ms.
               ->  Redistribute Motion 2:2  (slice1; segments: 2)  (cost=3.39..3.80 rows=5 width=4)
                     Hash Key: transform.b
                     Rows out:  Avg 4.5 rows x 2 workers at destination.  Max 5 rows (seg0) with 0.014 ms to first row, 0.015 ms to end, start offset by 24 ms.
                     ->  Table Function Scan on transform  (cost=3.39..3.62 rows=5 width=4)
                           Rows out:  Avg 4.5 rows x 2 workers.  Max 5 rows (seg0) with 0.530 ms to first row, 0.543 ms to end, start offset by 20 ms.
                           ->  Subquery Scan t1_view  (cost=3.39..3.51 rows=5 width=36)
                                 Rows out:  Avg 4.5 rows x 2 workers.  Max 5 rows (seg0) with 0.513 ms to first row, 0.516 ms to end, start offset by 20 ms.
                                 ->  Sort  (cost=3.39..3.42 rows=5 width=22)
                                       Sort Key: public.t1.d
                                       Rows out:  Avg 4.5 rows x 2 workers.  Max 5 rows (seg0) with 0.512 ms to first row, 0.513 ms to end, start offset by 20 ms.
                                       Executor memory:  58K bytes avg, 58K bytes max (seg0).
                                       Work_mem used:  58K bytes avg, 58K bytes max (seg0). Workfile: (0 spilling, 0 reused)
                                       ->  Seq Scan on t1  (cost=0.00..3.25 rows=5 width=22)
                                             Filter: a < 10
                                             Rows out:  Avg 4.5 rows x 2 workers.  Max 5 rows (seg0) with 0.191 ms to first row, 0.199 ms to end, start offset by 20 ms.
 Slice statistics:
   (slice0)    Executor memory: 227K bytes.
   (slice1)    Executor memory: 286K bytes avg x 2 workers, 286K bytes max (seg0).  Work_mem: 58K bytes max.
   (slice2)    Executor memory: 4359K bytes avg x 2 workers, 4359K bytes max (seg0).  Work_mem: 1K bytes max.
 Statement statistics:
   Memory used: 128000K bytes
 Total runtime: 24.722 ms
(34 rows)

EXPLAIN SELECT * FROM t1 WHERE a NOT IN (
        SELECT b FROM transform(
            TABLE(select a, e from t1_view)
    ) );
                                            QUERY PLAN                                             
---------------------------------------------------------------------------------------------------
 Gather Motion 2:1  (slice2; segments: 2)  (cost=4.20..8.49 rows=50 width=22)
   ->  Hash Left Anti Semi Join (Not-In)  (cost=4.20..8.49 rows=50 width=22)
         Hash Cond: public.t1.a = "NotIn_SUBQUERY".b
         ->  Seq Scan on t1  (cost=0.00..3.00 rows=50 width=22)
               Filter: a IS NOT NULL
         ->  Hash  (cost=3.98..3.98 rows=9 width=4)
               ->  Broadcast Motion 2:2  (slice1; segments: 2)  (cost=3.39..3.98 rows=9 width=4)
                     ->  Subquery Scan "NotIn_SUBQUERY"  (cost=3.39..3.71 rows=5 width=4)
                           ->  Table Function Scan on transform  (cost=3.39..3.62 rows=5 width=4)
                                 ->  Subquery Scan t1_view  (cost=3.39..3.51 rows=5 width=36)
                                       ->  Sort  (cost=3.39..3.42 rows=5 width=22)
                                             Sort Key: public.t1.d
                                             ->  Seq Scan on t1  (cost=0.00..3.25 rows=5 width=22)
                                                   Filter: a < 10
(14 rows)

EXPLAIN ANALYZE SELECT * FROM t1 WHERE a NOT IN (
        SELECT b FROM transform(
            TABLE(select a, e from t1_view)
    ) );
                                                                                    QUERY PLAN                                                                                    
----------------------------------------------------------------------------------------------------------------------------------------------------------------------------------
 Gather Motion 2:1  (slice2; segments: 2)  (cost=4.20..8.49 rows=50 width=22)
   Rows out:  91 rows at destination with 3.457 ms to first row, 3.916 ms to end, start offset by 0.584 ms.
   ->  Hash Left Anti Semi Join (Not-In)  (cost=4.20..8.49 rows=50 width=22)
         Hash Cond: public.t1.a = "NotIn_SUBQUERY".b
         Rows out:  Avg 45.5 rows x 2 workers.  Max 46 rows (seg1) with 2.182 ms to first row, 2.853 ms to end, start offset by 1.079 ms.
         Executor memory:  1K bytes avg, 1K bytes max (seg0).
         Work_mem used:  1K bytes avg, 1K bytes max (seg0). Workfile: (0 spilling, 0 reused)
         (seg1)   Hash chain length 1.0 avg, 1 max, using 9 of 262151 buckets.
         ->  Seq Scan on t1  (cost=0.00..3.00 rows=50 width=22)
               Filter: a IS NOT NULL
               Rows out:  Avg 50.0 rows x 2 workers.  Max 50 rows (seg0) with 0.024 ms to first row, 0.033 ms to end, start offset by 3.951 ms.
         ->  Hash  (cost=3.98..3.98 rows=9 width=4)
               Rows in:  Avg 9.0 rows x 2 workers.  Max 9 rows (seg0) with 0.029 ms to end, start offset by 3.922 ms.
               ->  Broadcast Motion 2:2  (slice1; segments: 2)  (cost=3.39..3.98 rows=9 width=4)
                     Rows out:  Avg 9.0 rows x 2 workers at destination.  Max 9 rows (seg0) with 0.013 ms to first row, 0.016 ms to end, start offset by 3.923 ms.
                     ->  Subquery Scan "NotIn_SUBQUERY"  (cost=3.39..3.71 rows=5 width=4)
                           Rows out:  Avg 4.5 rows x 2 workers.  Max 5 rows (seg0) with 0.124 ms to first row, 0.153 ms to end, start offset by 2.896 ms.
                           ->  Table Function Scan on transform  (cost=3.39..3.62 rows=5 width=4)
                                 Rows out:  Avg 4.5 rows x 2 workers.  Max 5 rows (seg0) with 0.123 ms to first row, 0.148 ms to end, start offset by 2.896 ms.
                                 ->  Subquery Scan t1_view  (cost=3.39..3.51 rows=5 width=36)
                                       Rows out:  Avg 4.5 rows x 2 workers.  Max 5 rows (seg0) with 0.108 ms to first row, 0.121 ms to end, start offset by 2.901 ms.
                                       ->  Sort  (cost=3.39..3.42 rows=5 width=22)
                                             Sort Key: public.t1.d
                                             Rows out:  Avg 4.5 rows x 2 workers.  Max 5 rows (seg0) with 0.107 ms to first row, 0.108 ms to end, start offset by 2.901 ms.
                                             Executor memory:  33K bytes avg, 33K bytes max (seg0).
                                             Work_mem used:  33K bytes avg, 33K bytes max (seg0). Workfile: (0 spilling, 0 reused)
                                             ->  Seq Scan on t1  (cost=0.00..3.25 rows=5 width=22)
                                                   Filter: a < 10
                                                   Rows out:  Avg 4.5 rows x 2 workers.  Max 5 rows (seg0) with 0.069 ms to first row, 0.076 ms to end, start offset by 2.922 ms.
 Slice statistics:
   (slice0)    Executor memory: 235K bytes.
   (slice1)    Executor memory: 284K bytes avg x 2 workers, 284K bytes max (seg0).  Work_mem: 33K bytes max.
   (slice2)    Executor memory: 4359K bytes avg x 2 workers, 4359K bytes max (seg0).  Work_mem: 1K bytes max.
 Statement statistics:
   Memory used: 128000K bytes
 Total runtime: 4.609 ms
(36 rows)

