EXPLAIN SELECT * FROM transform( TABLE(
        select dbid::int, hostname from gp_segment_configuration
    ) );
                                   QUERY PLAN                                   
--------------------------------------------------------------------------------
 Table Function Scan on transform  (cost=0.00..1.20 rows=20 width=36)
   ->  Seq Scan on gp_segment_configuration  (cost=0.00..1.07 rows=10 width=14)
(2 rows)

EXPLAIN SELECT * FROM transform( TABLE(
        select dbid::int, hostname from gp_segment_configuration
        scatter by hostname
    ) );
                                         QUERY PLAN                                         
--------------------------------------------------------------------------------------------
 Gather Motion 2:1  (slice2; segments: 2)  (cost=0.00..1.20 rows=5 width=36)
   ->  Table Function Scan on transform  (cost=0.00..1.20 rows=5 width=36)
         ->  Redistribute Motion 1:2  (slice1)  (cost=0.00..1.07 rows=10 width=14)
               Hash Key: gp_segment_configuration.hostname
               ->  Seq Scan on gp_segment_configuration  (cost=0.00..1.07 rows=10 width=14)
(5 rows)

EXPLAIN SELECT * FROM transform( TABLE(
        select dbid::int, hostname from gp_segment_configuration
        scatter randomly
    ) );
                                         QUERY PLAN                                         
--------------------------------------------------------------------------------------------
 Gather Motion 2:1  (slice2; segments: 2)  (cost=0.00..1.20 rows=5 width=36)
   ->  Table Function Scan on transform  (cost=0.00..1.20 rows=5 width=36)
         ->  Redistribute Motion 1:2  (slice1)  (cost=0.00..1.07 rows=10 width=14)
               ->  Seq Scan on gp_segment_configuration  (cost=0.00..1.07 rows=10 width=14)
(4 rows)

