-- start_ignore
SET optimizer=off;
SET
-- end_ignore
-- ETF sub-query distribution is different than source table
-- Create t1 distributed by a
-- Create t3 distributed by a, e
    DROP TABLE IF EXISTS t3;
DROP TABLE
    CREATE TABLE t3 (a int, b int, c int, d int, e text)
    DISTRIBUTED BY (a, e);
CREATE TABLE
    -- SCATTER BY the single column (b)
    -- Source table is distributed by a different column (a)
    -- Redistribution is needed
    EXPLAIN SELECT * FROM transform( TABLE(
        select a, e from t1 scatter by b
    ) );
                                           QUERY PLAN                                            
-------------------------------------------------------------------------------------------------
 Gather Motion 1:1  (slice2; segments: 1)  (cost=0.00..3.25 rows=100 width=36)
   ->  Table Function Scan on transform  (cost=0.00..3.25 rows=100 width=36)
         ->  Redistribute Motion 1:1  (slice1; segments: 1)  (cost=0.00..2.00 rows=100 width=14)
               Hash Key: t1.b
               ->  Seq Scan on t1  (cost=0.00..2.00 rows=100 width=14)
 Settings:  optimizer=off
(6 rows)

    -- SCATTER BY two columns (a, e)
    -- Source table is distributed by single column (a)
    -- Redistribution is needed
    EXPLAIN SELECT * FROM transform( TABLE(
        select a, e from t1 scatter by a, e
    ) );
                                           QUERY PLAN                                            
-------------------------------------------------------------------------------------------------
 Gather Motion 1:1  (slice2; segments: 1)  (cost=0.00..3.25 rows=100 width=36)
   ->  Table Function Scan on transform  (cost=0.00..3.25 rows=100 width=36)
         ->  Redistribute Motion 1:1  (slice1; segments: 1)  (cost=0.00..2.00 rows=100 width=10)
               Hash Key: t1.a, t1.e
               ->  Seq Scan on t1  (cost=0.00..2.00 rows=100 width=10)
 Settings:  optimizer=off
(6 rows)

    -- SCATTER BY by single column (a)
    -- Source table is distributed by two columns (a, e)
    -- Redistribution is needed
    EXPLAIN SELECT * FROM transform( TABLE(
        select a, e from t3 scatter by a
    ) );
                                          QUERY PLAN                                           
-----------------------------------------------------------------------------------------------
 Gather Motion 1:1  (slice2; segments: 1)  (cost=0.00..0.01 rows=1 width=36)
   ->  Table Function Scan on transform  (cost=0.00..0.01 rows=1 width=36)
         ->  Redistribute Motion 1:1  (slice1; segments: 1)  (cost=0.00..0.00 rows=1 width=36)
               Hash Key: t3.a
               ->  Seq Scan on t3  (cost=0.00..0.00 rows=1 width=36)
 Settings:  optimizer=off
(6 rows)

  
    -- SCATTER BY by two columns (e, a)
    -- Source table is distributed by two columns (a, e)
    -- Redistribution is needed
    EXPLAIN SELECT * FROM transform( TABLE(
        select a, e from t3 scatter by e, a
    ) );
                                          QUERY PLAN                                           
-----------------------------------------------------------------------------------------------
 Gather Motion 1:1  (slice2; segments: 1)  (cost=0.00..0.01 rows=1 width=36)
   ->  Table Function Scan on transform  (cost=0.00..0.01 rows=1 width=36)
         ->  Redistribute Motion 1:1  (slice1; segments: 1)  (cost=0.00..0.00 rows=1 width=36)
               Hash Key: t3.e, t3.a
               ->  Seq Scan on t3  (cost=0.00..0.00 rows=1 width=36)
 Settings:  optimizer=off
(6 rows)

  
    -- SCATTER Randomly
    -- Source table is distributed by two columns (a)
    -- Redistribution is needed
    EXPLAIN SELECT * FROM transform( TABLE(
        select a, e from t1 scatter randomly
    ) );
                                           QUERY PLAN                                            
-------------------------------------------------------------------------------------------------
 Gather Motion 1:1  (slice2; segments: 1)  (cost=0.00..3.25 rows=100 width=36)
   ->  Table Function Scan on transform  (cost=0.00..3.25 rows=100 width=36)
         ->  Redistribute Motion 1:1  (slice1; segments: 1)  (cost=0.00..2.00 rows=100 width=10)
               ->  Seq Scan on t1  (cost=0.00..2.00 rows=100 width=10)
 Settings:  optimizer=off
(5 rows)

