EXPLAIN SELECT * FROM transform( TABLE(select * from intable) );
                                 QUERY PLAN                                  
-----------------------------------------------------------------------------
 Gather Motion 2:1  (slice1; segments: 2)  (cost=0.00..2.23 rows=5 width=36)
   ->  Table Function Scan on transform  (cost=0.00..2.23 rows=5 width=36)
         ->  Seq Scan on intable  (cost=0.00..2.10 rows=5 width=12)
(3 rows)

EXPLAIN SELECT * FROM transform( TABLE(select a,e from t1 where a < 10) );
                                 QUERY PLAN                                  
-----------------------------------------------------------------------------
 Gather Motion 2:1  (slice1; segments: 2)  (cost=0.00..3.36 rows=5 width=36)
   ->  Table Function Scan on transform  (cost=0.00..3.36 rows=5 width=36)
         ->  Seq Scan on t1  (cost=0.00..3.25 rows=5 width=10)
               Filter: a < 10
(4 rows)

EXPLAIN SELECT * FROM transform( TABLE(select * from intable) )
    ORDER BY b;
                                   QUERY PLAN                                    
---------------------------------------------------------------------------------
 Gather Motion 2:1  (slice1; segments: 2)  (cost=2.39..2.42 rows=5 width=36)
   Merge Key: b
   ->  Sort  (cost=2.39..2.42 rows=5 width=36)
         Sort Key: transform.b
         ->  Table Function Scan on transform  (cost=0.00..2.23 rows=5 width=36)
               ->  Seq Scan on intable  (cost=0.00..2.10 rows=5 width=12)
(6 rows)

