EXPLAIN SELECT * FROM transform( TABLE(
        select count(a)::int,'haha'::text from t1
        scatter by a
    ) );
ERROR:  column "t1.a" must appear in the GROUP BY clause or be used in an aggregate function
EXPLAIN SELECT * FROM transform( TABLE(
        select count(*)::int,'haha'::text from t1
        scatter randomly
    ) );
                                             QUERY PLAN                                             
----------------------------------------------------------------------------------------------------
 Gather Motion 2:1  (slice3; segments: 2)  (cost=3.31..3.33 rows=1 width=36)
   ->  Table Function Scan on transform  (cost=3.31..3.33 rows=1 width=36)
         ->  Redistribute Motion 1:2  (slice2; segments: 1)  (cost=3.31..3.32 rows=1 width=36)
               ->  Aggregate  (cost=3.31..3.32 rows=1 width=36)
                     ->  Gather Motion 2:1  (slice1; segments: 2)  (cost=3.25..3.29 rows=1 width=8)
                           ->  Aggregate  (cost=3.25..3.26 rows=1 width=8)
                                 ->  Seq Scan on t1  (cost=0.00..3.00 rows=50 width=0)
(7 rows)

EXPLAIN SELECT * FROM transform( TABLE(
        select a,e from t1 where a=60
        scatter by d
    ) );
                                          QUERY PLAN                                           
-----------------------------------------------------------------------------------------------
 Gather Motion 2:1  (slice2; segments: 2)  (cost=0.00..3.26 rows=1 width=36)
   ->  Table Function Scan on transform  (cost=0.00..3.26 rows=1 width=36)
         ->  Redistribute Motion 1:2  (slice1; segments: 1)  (cost=0.00..3.25 rows=1 width=14)
               Hash Key: t1.d
               ->  Seq Scan on t1  (cost=0.00..3.25 rows=1 width=14)
                     Filter: a = 60
(6 rows)

