EXPLAIN SELECT b FROM transform( TABLE(
        select a, e from t1
        scatter by a
    ) );
                                 QUERY PLAN                                  
-----------------------------------------------------------------------------
 Gather Motion 2:1  (slice1; segments: 2)  (cost=0.00..4.25 rows=50 width=4)
   ->  Table Function Scan on transform  (cost=0.00..4.25 rows=50 width=4)
         ->  Seq Scan on t1  (cost=0.00..3.00 rows=50 width=10)
(3 rows)

SELECT b FROM transform( TABLE(
        select a, e from t1
        scatter by a
    ) ) order by b limit 5;
 b 
---
 1
 2
 3
 4
 5
(5 rows)

EXPLAIN SELECT b FROM transform( TABLE(
        select a, e from t1
        scatter randomly
    ) );
                                           QUERY PLAN                                           
------------------------------------------------------------------------------------------------
 Gather Motion 2:1  (slice2; segments: 2)  (cost=0.00..4.25 rows=50 width=4)
   ->  Table Function Scan on transform  (cost=0.00..4.25 rows=50 width=4)
         ->  Redistribute Motion 2:2  (slice1; segments: 2)  (cost=0.00..3.00 rows=50 width=10)
               ->  Seq Scan on t1  (cost=0.00..3.00 rows=50 width=10)
(4 rows)

SELECT b FROM transform( TABLE(
        select a, e from t1
        scatter randomly
    ) ) ORDER BY b desc limit 5;
  b  
-----
 100
  99
  98
  97
  96
(5 rows)

