EXPLAIN SELECT * FROM transform( TABLE(
        select a, e from t1 limit 10
    ) );
                                       QUERY PLAN                                        
-----------------------------------------------------------------------------------------
 Table Function Scan on transform  (cost=0.00..0.62 rows=20 width=36)
   ->  Limit  (cost=0.00..0.50 rows=10 width=10)
         ->  Gather Motion 2:1  (slice1; segments: 2)  (cost=0.00..0.50 rows=5 width=10)
               ->  Limit  (cost=0.00..0.30 rows=5 width=10)
                     ->  Seq Scan on t1  (cost=0.00..3.00 rows=50 width=10)
(5 rows)

EXPLAIN SELECT * FROM transform( TABLE(
        select a, e from t1 where a > 10 limit 10
    ) );
                                       QUERY PLAN                                        
-----------------------------------------------------------------------------------------
 Table Function Scan on transform  (cost=0.00..0.68 rows=20 width=36)
   ->  Limit  (cost=0.00..0.56 rows=10 width=10)
         ->  Gather Motion 2:1  (slice1; segments: 2)  (cost=0.00..0.56 rows=5 width=10)
               ->  Limit  (cost=0.00..0.36 rows=5 width=10)
                     ->  Seq Scan on t1  (cost=0.00..3.25 rows=46 width=10)
                           Filter: a > 10
(6 rows)

EXPLAIN SELECT * FROM transform( TABLE(
        select a, e from t1 where a < 10 
        order by a limit 10
    ) );
                                       QUERY PLAN                                        
-----------------------------------------------------------------------------------------
 Table Function Scan on transform  (cost=3.39..3.71 rows=18 width=36)
   ->  Limit  (cost=3.39..3.60 rows=9 width=10)
         ->  Gather Motion 2:1  (slice1; segments: 2)  (cost=3.39..3.60 rows=5 width=10)
               Merge Key: t1.a
               ->  Limit  (cost=3.39..3.42 rows=5 width=10)
                     ->  Sort  (cost=3.39..3.42 rows=5 width=10)
                           Sort Key (Limit): t1.a
                           ->  Seq Scan on t1  (cost=0.00..3.25 rows=5 width=10)
                                 Filter: a < 10
(9 rows)

EXPLAIN SELECT * FROM transform( TABLE(
        select a, e from t1 
        limit 10
        scatter by a
    ) );
                                             QUERY PLAN                                              
-----------------------------------------------------------------------------------------------------
 Gather Motion 2:1  (slice3; segments: 2)  (cost=0.00..0.62 rows=5 width=36)
   ->  Table Function Scan on transform  (cost=0.00..0.62 rows=5 width=36)
         ->  Redistribute Motion 1:2  (slice2; segments: 1)  (cost=0.00..0.50 rows=10 width=10)
               Hash Key: t1.a
               ->  Limit  (cost=0.00..0.50 rows=10 width=10)
                     ->  Gather Motion 2:1  (slice1; segments: 2)  (cost=0.00..0.50 rows=5 width=10)
                           ->  Limit  (cost=0.00..0.30 rows=5 width=10)
                                 ->  Seq Scan on t1  (cost=0.00..3.00 rows=50 width=10)
(8 rows)

