-- start_ignore
-- end_ignore
-- Query plan when ETF as a qual
    EXPLAIN SELECT * FROM t1 WHERE a IN (
        SELECT b FROM transform(
            TABLE(select a, e from t1_view)
    ) );
                                             QUERY PLAN                                             
----------------------------------------------------------------------------------------------------
 Gather Motion 4:1  (slice2; segments: 4)  (cost=5.91..11.27 rows=3 width=22)
   ->  Hash EXISTS Join  (cost=5.91..11.27 rows=3 width=22)
         Hash Cond: public.t1.a = transform.b
         ->  Seq Scan on t1  (cost=0.00..5.00 rows=25 width=22)
         ->  Hash  (cost=5.80..5.80 rows=3 width=4)
               ->  Redistribute Motion 4:4  (slice1; segments: 4)  (cost=5.39..5.80 rows=3 width=4)
                     Hash Key: transform.b
                     ->  Table Function Scan on transform  (cost=5.39..5.62 rows=3 width=4)
                           ->  Subquery Scan t1_view  (cost=5.39..5.51 rows=3 width=36)
                                 ->  Sort  (cost=5.39..5.42 rows=3 width=22)
                                       Sort Key: public.t1.d
                                       ->  Seq Scan on t1  (cost=0.00..5.25 rows=3 width=22)
                                             Filter: a < 10
(13 rows)

    explain analyze SELECT * FROM t1 WHERE a IN (
        SELECT b FROM transform(
            TABLE(select a, e from t1_view)
    ) );
                                                                                QUERY PLAN                                                                                 
---------------------------------------------------------------------------------------------------------------------------------------------------------------------------
 Gather Motion 4:1  (slice2; segments: 4)  (cost=5.91..11.27 rows=3 width=22)
   Rows out:  9 rows at destination with 12 ms to end, start offset by 50 ms.
   ->  Hash EXISTS Join  (cost=5.91..11.27 rows=3 width=22)
         Hash Cond: public.t1.a = transform.b
         Rows out:  Avg 2.2 rows x 4 workers.  Max 3 rows (seg2) with 3.567 ms to first row, 4.277 ms to end, start offset by 5888 ms.
         Executor memory:  1K bytes avg, 1K bytes max (seg2).
         Work_mem used:  1K bytes avg, 1K bytes max (seg2). Workfile: (0 spilling, 0 reused)
         (seg2)   Hash chain length 1.0 avg, 1 max, using 3 of 262151 buckets.
         ->  Seq Scan on t1  (cost=0.00..5.00 rows=25 width=22)
               Rows out:  Avg 25.0 rows x 4 workers.  Max 25 rows (seg0) with 0.305 ms to first row, 0.312 ms to end, start offset by 614 ms.
         ->  Hash  (cost=5.80..5.80 rows=3 width=4)
               Rows in:  Avg 2.2 rows x 4 workers.  Max 3 rows (seg2) with 0.729 ms to end, start offset by 5890 ms.
               ->  Redistribute Motion 4:4  (slice1; segments: 4)  (cost=5.39..5.80 rows=3 width=4)
                     Hash Key: transform.b
                     Rows out:  Avg 2.2 rows x 4 workers at destination.  Max 3 rows (seg2) with 0.706 ms to first row, 0.708 ms to end, start offset by 5890 ms.
                     ->  Table Function Scan on transform  (cost=5.39..5.62 rows=3 width=4)
                           Rows out:  Avg 2.2 rows x 4 workers.  Max 3 rows (seg2) with 0.558 ms to first row, 0.568 ms to end, start offset by 5890 ms.
                           ->  Subquery Scan t1_view  (cost=5.39..5.51 rows=3 width=36)
                                 Rows out:  Avg 2.2 rows x 4 workers.  Max 3 rows (seg2) with 0.533 ms to first row, 0.537 ms to end, start offset by 5890 ms.
                                 ->  Sort  (cost=5.39..5.42 rows=3 width=22)
                                       Sort Key: public.t1.d
                                       Rows out:  Avg 2.2 rows x 4 workers.  Max 3 rows (seg2) with 0.530 ms to first row, 0.534 ms to end, start offset by 5890 ms.
                                       Executor memory:  58K bytes avg, 58K bytes max (seg0).
                                       Work_mem used:  58K bytes avg, 58K bytes max (seg0). Workfile: (0 spilling, 0 reused)
                                       ->  Seq Scan on t1  (cost=0.00..5.25 rows=3 width=22)
                                             Filter: a < 10
                                             Rows out:  Avg 2.2 rows x 4 workers.  Max 3 rows (seg2) with 0.199 ms to first row, 0.205 ms to end, start offset by 5890 ms.
 Slice statistics:
   (slice0)    Executor memory: 291K bytes.
   (slice1)    Executor memory: 348K bytes avg x 4 workers, 348K bytes max (seg0).  Work_mem: 58K bytes max.
   (slice2)    Executor memory: 4411K bytes avg x 4 workers, 4411K bytes max (seg0).  Work_mem: 1K bytes max.
 Statement statistics:
   Memory used: 128000K bytes
 Total runtime: 62.747 ms
(34 rows)

    EXPLAIN SELECT * FROM t1 WHERE a NOT IN (
        SELECT b FROM transform(
            TABLE(select a, e from t1_view)
    ) );
                                            QUERY PLAN                                             
---------------------------------------------------------------------------------------------------
 Gather Motion 4:1  (slice2; segments: 4)  (cost=6.61..12.94 rows=25 width=22)
   ->  Hash Left Anti Semi Join  (cost=6.61..12.94 rows=25 width=22)
         Hash Cond: public.t1.a = "NotIn_SUBQUERY".b
         ->  Seq Scan on t1  (cost=0.00..5.00 rows=25 width=22)
               Filter: a IS NOT NULL
         ->  Hash  (cost=6.16..6.16 rows=9 width=4)
               ->  Broadcast Motion 4:4  (slice1; segments: 4)  (cost=5.39..6.16 rows=9 width=4)
                     ->  Subquery Scan "NotIn_SUBQUERY"  (cost=5.39..5.71 rows=3 width=4)
                           ->  Table Function Scan on transform  (cost=5.39..5.62 rows=3 width=4)
                                 ->  Subquery Scan t1_view  (cost=5.39..5.51 rows=3 width=36)
                                       ->  Sort  (cost=5.39..5.42 rows=3 width=22)
                                             Sort Key: public.t1.d
                                             ->  Seq Scan on t1  (cost=0.00..5.25 rows=3 width=22)
                                                   Filter: a < 10
(14 rows)

    EXPLAIN ANALYZE SELECT * FROM t1 WHERE a NOT IN (
        SELECT b FROM transform(
            TABLE(select a, e from t1_view)
    ) );
                                                                                   QUERY PLAN                                                                                    
---------------------------------------------------------------------------------------------------------------------------------------------------------------------------------
 Gather Motion 4:1  (slice2; segments: 4)  (cost=6.61..12.94 rows=25 width=22)
   Rows out:  91 rows at destination with 11 ms to first row, 12 ms to end, start offset by 0.609 ms.
   ->  Hash Left Anti Semi Join  (cost=6.61..12.94 rows=25 width=22)
         Hash Cond: public.t1.a = "NotIn_SUBQUERY".b
         Rows out:  Avg 22.8 rows x 4 workers.  Max 23 rows (seg0) with 9.703 ms to first row, 10 ms to end, start offset by 555 ms.
         Executor memory:  1K bytes avg, 1K bytes max (seg0).
         Work_mem used:  1K bytes avg, 1K bytes max (seg0). Workfile: (0 spilling, 0 reused)
         (seg0)   Hash chain length 1.0 avg, 1 max, using 9 of 262151 buckets.
         ->  Seq Scan on t1  (cost=0.00..5.00 rows=25 width=22)
               Filter: a IS NOT NULL
               Rows out:  Avg 25.0 rows x 4 workers.  Max 25 rows (seg0) with 0.016 ms to first row, 0.022 ms to end, start offset by 565 ms.
         ->  Hash  (cost=6.16..6.16 rows=9 width=4)
               Rows in:  Avg 9.0 rows x 4 workers.  Max 9 rows (seg0) with 0.021 ms to end, start offset by 565 ms.
               ->  Broadcast Motion 4:4  (slice1; segments: 4)  (cost=5.39..6.16 rows=9 width=4)
                     Rows out:  Avg 9.0 rows x 4 workers at destination.  Max 9 rows (seg0) with 0.010 ms to first row, 0.014 ms to end, start offset by 565 ms.
                     ->  Subquery Scan "NotIn_SUBQUERY"  (cost=5.39..5.71 rows=3 width=4)
                           Rows out:  Avg 2.2 rows x 4 workers.  Max 3 rows (seg2) with 0.125 ms to first row, 0.135 ms to end, start offset by 5834 ms.
                           ->  Table Function Scan on transform  (cost=5.39..5.62 rows=3 width=4)
                                 Rows out:  Avg 2.2 rows x 4 workers.  Max 3 rows (seg2) with 0.125 ms to first row, 0.134 ms to end, start offset by 5834 ms.
                                 ->  Subquery Scan t1_view  (cost=5.39..5.51 rows=3 width=36)
                                       Rows out:  Avg 2.2 rows x 4 workers.  Max 3 rows (seg2) with 0.109 ms to first row, 0.113 ms to end, start offset by 5834 ms.
                                       ->  Sort  (cost=5.39..5.42 rows=3 width=22)
                                             Sort Key: public.t1.d
                                             Rows out:  Avg 2.2 rows x 4 workers.  Max 3 rows (seg2) with 0.108 ms to first row, 0.112 ms to end, start offset by 5834 ms.
                                             Executor memory:  33K bytes avg, 33K bytes max (seg0).
                                             Work_mem used:  33K bytes avg, 33K bytes max (seg0). Workfile: (0 spilling, 0 reused)
                                             ->  Seq Scan on t1  (cost=0.00..5.25 rows=3 width=22)
                                                   Filter: a < 10
                                                   Rows out:  Avg 2.2 rows x 4 workers.  Max 3 rows (seg2) with 0.077 ms to first row, 0.082 ms to end, start offset by 5834 ms.
 Slice statistics:
   (slice0)    Executor memory: 304K bytes.
   (slice1)    Executor memory: 377K bytes avg x 4 workers, 377K bytes max (seg0).  Work_mem: 33K bytes max.
   (slice2)    Executor memory: 4424K bytes avg x 4 workers, 4424K bytes max (seg0).  Work_mem: 1K bytes max.
 Statement statistics:
   Memory used: 128000K bytes
 Total runtime: 12.624 ms
(36 rows)

