EXPLAIN SELECT * FROM transform( TABLE(
        select id, value from intable order by id
    ) );
                                 QUERY PLAN                                  
-----------------------------------------------------------------------------
 Gather Motion 2:1  (slice1; segments: 2)  (cost=2.27..2.42 rows=5 width=36)
   ->  Table Function Scan on transform  (cost=2.27..2.42 rows=5 width=36)
         ->  Sort  (cost=2.27..2.29 rows=5 width=12)
               Sort Key: intable.id
               ->  Seq Scan on intable  (cost=0.00..2.10 rows=5 width=12)
(5 rows)

EXPLAIN SELECT * FROM transform( TABLE(
        select id, value from intable order by id
    ) ) ORDER BY b desc;
                                   QUERY PLAN                                    
---------------------------------------------------------------------------------
 Gather Motion 2:1  (slice1; segments: 2)  (cost=2.58..2.61 rows=5 width=36)
   Merge Key: b
   ->  Sort  (cost=2.58..2.61 rows=5 width=36)
         Sort Key: transform.b
         ->  Table Function Scan on transform  (cost=2.27..2.42 rows=5 width=36)
               ->  Sort  (cost=2.27..2.29 rows=5 width=12)
                     Sort Key: intable.id
                     ->  Seq Scan on intable  (cost=0.00..2.10 rows=5 width=12)
(8 rows)

