-- start_ignore
SET optimizer=on;
SET
SET optimizer_log=on;
SET
-- end_ignore
-- ETF query plan for correlated sub-query

-- start_ignore
    explain select a,e from t1 where a > 
        (select avg(t1.a) from t1);
                                         QUERY PLAN                                          
---------------------------------------------------------------------------------------------
 Nested Loop  (cost=0.00..1293.02 rows=1 width=10)
   Join Filter: public.t1.a::numeric > "outer".avg
   ->  Aggregate  (cost=0.00..431.00 rows=1 width=8)
         ->  Gather Motion 2:1  (slice1; segments: 2)  (cost=0.00..431.00 rows=1 width=8)
               ->  Aggregate  (cost=0.00..431.00 rows=1 width=8)
                     ->  Table Scan on t1  (cost=0.00..431.00 rows=50 width=4)
   ->  Materialize  (cost=0.00..431.01 rows=50 width=10)
         ->  Gather Motion 2:1  (slice2; segments: 2)  (cost=0.00..431.01 rows=100 width=10)
               ->  Table Scan on t1  (cost=0.00..431.00 rows=50 width=10)
 Settings:  optimizer=on
(10 rows)

    EXPLAIN SELECT * FROM transform( TABLE(
        select a,e from t1 where a > 
            (select avg(a) from t1)
    ) );
                                              QUERY PLAN                                               
-------------------------------------------------------------------------------------------------------
 Gather Motion 2:1  (slice2; segments: 2)  (cost=3.32..7.23 rows=34 width=36)
   ->  Table Function Scan on transform  (cost=3.32..7.23 rows=17 width=36)
         ->  Seq Scan on t1  (cost=3.32..6.82 rows=17 width=10)
               Filter: a::numeric > $0
               InitPlan  (slice3)
                 ->  Aggregate  (cost=3.31..3.32 rows=1 width=32)
                       ->  Gather Motion 2:1  (slice1; segments: 2)  (cost=3.25..3.29 rows=1 width=32)
                             ->  Aggregate  (cost=3.25..3.26 rows=1 width=32)
                                   ->  Seq Scan on t1  (cost=0.00..3.00 rows=50 width=4)
 Settings:  optimizer=on
(10 rows)

-- end_ignore

    SELECT * FROM transform( TABLE(
        select a,e from t1 where a > 
            (select avg(a) from t1)
    ) ) ORDER BY b;
    a    |  b  
---------+-----
 text51  |  51
 text52  |  52
 text53  |  53
 text54  |  54
 text55  |  55
 text56  |  56
 text57  |  57
 text58  |  58
 text59  |  59
 text60  |  60
 text61  |  61
 text62  |  62
 text63  |  63
 text64  |  64
 text65  |  65
 text66  |  66
 text67  |  67
 text68  |  68
 text69  |  69
 text70  |  70
 text71  |  71
 text72  |  72
 text73  |  73
 text74  |  74
 text75  |  75
 text76  |  76
 text77  |  77
 text78  |  78
 text79  |  79
 text80  |  80
 text81  |  81
 text82  |  82
 text83  |  83
 text84  |  84
 text85  |  85
 text86  |  86
 text87  |  87
 text88  |  88
 text89  |  89
 text90  |  90
 text91  |  91
 text92  |  92
 text93  |  93
 text94  |  94
 text95  |  95
 text96  |  96
 text97  |  97
 text98  |  98
 text99  |  99
 text100 | 100
(50 rows)

