EXPLAIN SELECT * FROM transform( TABLE(select a,e from t1) );
                                  QUERY PLAN                                  
------------------------------------------------------------------------------
 Gather Motion 2:1  (slice1; segments: 2)  (cost=0.00..4.25 rows=50 width=36)
   ->  Table Function Scan on transform  (cost=0.00..4.25 rows=50 width=36)
         ->  Seq Scan on t1  (cost=0.00..3.00 rows=50 width=10)
(3 rows)

EXPLAIN ANALYZE SELECT * FROM transform( TABLE(select a,e from t1) );
                                                                 QUERY PLAN                                                                  
---------------------------------------------------------------------------------------------------------------------------------------------
 Gather Motion 2:1  (slice1; segments: 2)  (cost=0.00..4.25 rows=50 width=36)
   Rows out:  100 rows at destination with 1.818 ms to first row, 1.994 ms to end, start offset by 8.996 ms.
   ->  Table Function Scan on transform  (cost=0.00..4.25 rows=50 width=36)
         Rows out:  Avg 50.0 rows x 2 workers.  Max 50 rows (seg0) with 0.257 ms to first row, 0.362 ms to end, start offset by 10 ms.
         ->  Seq Scan on t1  (cost=0.00..3.00 rows=50 width=10)
               Rows out:  Avg 50.0 rows x 2 workers.  Max 50 rows (seg0) with 0.235 ms to first row, 0.269 ms to end, start offset by 10 ms.
 Slice statistics:
   (slice0)    Executor memory: 205K bytes.
   (slice1)    Executor memory: 195K bytes avg x 2 workers, 195K bytes max (seg0).
 Statement statistics:
   Memory used: 128000K bytes
 Total runtime: 11.335 ms
(12 rows)

