EXPLAIN SELECT ARRAY(
        SELECT a FROM transform( TABLE(
            select a, e from t1
        ) )
    );
                                      QUERY PLAN                                      
--------------------------------------------------------------------------------------
 Result  (cost=4.25..4.26 rows=1 width=0)
   InitPlan  (slice2)
     ->  Gather Motion 2:1  (slice1; segments: 2)  (cost=0.00..4.25 rows=50 width=32)
           ->  Table Function Scan on transform  (cost=0.00..4.25 rows=50 width=32)
                 ->  Seq Scan on t1  (cost=0.00..3.00 rows=50 width=10)
(5 rows)

EXPLAIN SELECT ARRAY(
        SELECT a FROM transform( TABLE(
            select a, e from t1
            order by a
            scatter by a
        ) )
    );
                                      QUERY PLAN                                      
--------------------------------------------------------------------------------------
 Result  (cost=7.82..7.83 rows=1 width=0)
   InitPlan  (slice2)
     ->  Gather Motion 2:1  (slice1; segments: 2)  (cost=6.32..7.82 rows=50 width=32)
           ->  Table Function Scan on transform  (cost=6.32..7.82 rows=50 width=32)
                 ->  Sort  (cost=6.32..6.57 rows=50 width=10)
                       Sort Key: t1.a
                       ->  Seq Scan on t1  (cost=0.00..3.00 rows=50 width=10)
(7 rows)

EXPLAIN SELECT ARRAY(
        SELECT a FROM transform( TABLE(
            select a, e from t1
            order by a
            scatter randomly
        ) )
    );
                                                  QUERY PLAN                                                  
--------------------------------------------------------------------------------------------------------------
 Result  (cost=7.82..7.83 rows=1 width=0)
   InitPlan  (slice3)
     ->  Gather Motion 2:1  (slice2; segments: 2)  (cost=6.32..7.82 rows=50 width=32)
           ->  Table Function Scan on transform  (cost=6.32..7.82 rows=50 width=32)
                 ->  Sort  (cost=6.32..6.57 rows=50 width=10)
                       Sort Key: t1.a
                       ->  Redistribute Motion 2:2  (slice1; segments: 2)  (cost=0.00..3.00 rows=50 width=10)
                             ->  Seq Scan on t1  (cost=0.00..3.00 rows=50 width=10)
(8 rows)

