EXPLAIN SELECT * FROM transform( TABLE(
        select count(*)::int,'haha'::text from t1
    ) );
                                       QUERY PLAN                                       
----------------------------------------------------------------------------------------
 Table Function Scan on transform  (cost=3.31..3.33 rows=2 width=36)
   ->  Aggregate  (cost=3.31..3.32 rows=1 width=36)
         ->  Gather Motion 2:1  (slice1; segments: 2)  (cost=3.25..3.29 rows=1 width=8)
               ->  Aggregate  (cost=3.25..3.26 rows=1 width=8)
                     ->  Seq Scan on t1  (cost=0.00..3.00 rows=50 width=0)
(5 rows)

EXPLAIN SELECT * FROM transform( TABLE(
        select max(d)::int,'haha'::text from t1
    ) );
                                       QUERY PLAN                                       
----------------------------------------------------------------------------------------
 Table Function Scan on transform  (cost=3.31..3.33 rows=2 width=36)
   ->  Aggregate  (cost=3.31..3.32 rows=1 width=36)
         ->  Gather Motion 2:1  (slice1; segments: 2)  (cost=3.25..3.29 rows=1 width=4)
               ->  Aggregate  (cost=3.25..3.26 rows=1 width=4)
                     ->  Seq Scan on t1  (cost=0.00..3.00 rows=50 width=4)
(5 rows)

EXPLAIN SELECT * FROM transform( TABLE(
        select avg(a)::int,'haha'::text from t1
    ) );
                                       QUERY PLAN                                        
-----------------------------------------------------------------------------------------
 Table Function Scan on transform  (cost=3.31..3.33 rows=2 width=36)
   ->  Aggregate  (cost=3.31..3.32 rows=1 width=36)
         ->  Gather Motion 2:1  (slice1; segments: 2)  (cost=3.25..3.29 rows=1 width=32)
               ->  Aggregate  (cost=3.25..3.26 rows=1 width=32)
                     ->  Seq Scan on t1  (cost=0.00..3.00 rows=50 width=4)
(5 rows)

EXPLAIN SELECT * FROM transform( TABLE(
        select a,e from t1 where a=60
    ) );
                                 QUERY PLAN                                  
-----------------------------------------------------------------------------
 Gather Motion 1:1  (slice1; segments: 1)  (cost=0.00..3.26 rows=1 width=36)
   ->  Table Function Scan on transform  (cost=0.00..3.26 rows=1 width=36)
         ->  Seq Scan on t1  (cost=0.00..3.25 rows=1 width=10)
               Filter: a = 60
(4 rows)

